$ run
[debug] Checking for meta build source updates
[debug] Other repositories:
[debug] Default repositories:
[debug] Using inline dependencies specified in Scala.
[debug] Copy resource mappings: 
[debug] 
[debug] 
[debug] Initial source changes: 
[debug]         removed:Set()
[debug]         added: Set()
[debug]         modified: Set(/home/joao/git/play-seed/core/src/main/scala/com/example/A.scala)
[debug] Invalidated products: Set()
[debug] External API changes: API Changes: Set()
[debug] Modified binary dependencies: Set()
[debug] Initial directly invalidated classes: Set(com.example.A)
[debug] 
[debug] Sources indirectly invalidated by:
[debug]         product: Set()
[debug]         binary dep: Set()
[debug]         external source: Set()
[debug] All sources are invalidated.
[debug] Initial set of included nodes: com.example.A
[debug] Recompiling all sources: number of invalidated sources > 50.0% of all sources
[info] Compiling 1 Scala source to /home/joao/git/play-seed/core/target/scala-2.13/classes ...
[debug] Getting org.scala-sbt:compiler-bridge_2.13:1.3.5:compile for Scala 2.13.3
[debug] Getting org.scala-sbt:compiler-bridge_2.13:1.3.5:compile for Scala 2.13.3
[debug] [zinc] Running cached compiler 20a49b6d for Scala compiler version 2.13.3
[debug] [zinc] The Scala compiler is invoked with:
[debug]         -bootclasspath
[debug]         /home/joao/.coursier/cache/v1/https/repo1.maven.org/maven2/org/scala-lang/scala-library/2.13.3/scala-library-2.13.3.jar
[debug]         -classpath
[debug]         /home/joao/git/play-seed/core/target/scala-2.13/classes
[debug] Scala compilation took 0.578089149 s
[debug] Done compiling.
[debug] Using parent loader for play common classloader: jdk.internal.loader.ClassLoaders$PlatformClassLoader@bf1ec20

--- (Running the application, auto-reloading is enabled) ---

[info] p.c.s.AkkaHttpServer - Listening for HTTP on /0:0:0:0:0:0:0:0:9000

(Server started, use Enter to stop and go back to the console...)

[debug] Other repositories:
[debug] Default repositories:
[debug] Using inline dependencies specified in Scala.
[debug] 
[debug] Initial source changes: 
[debug]         removed:Set()
[debug]         added: Set()
[debug]         modified: Set(/home/joao/git/play-seed/core/src/main/scala/com/example/A.scala)
[debug] Invalidated products: Set()
[debug] External API changes: API Changes: Set()
[debug] Modified binary dependencies: Set()
[debug] Initial directly invalidated classes: Set(com.example.A)
[debug] 
[debug] Sources indirectly invalidated by:
[debug]         product: Set()
[debug]         binary dep: Set()
[debug]         external source: Set()
[debug] All sources are invalidated.
[debug] Initial set of included nodes: com.example.A
[debug] Recompiling all sources: number of invalidated sources > 50.0% of all sources
[info] Compiling 1 Scala source to /home/joao/git/play-seed/core/target/scala-2.13/classes ...
[debug] Getting org.scala-sbt:compiler-bridge_2.13:1.3.5:compile for Scala 2.13.3
[debug] Copy resource mappings: 
[debug] 
[debug] Getting org.scala-sbt:compiler-bridge_2.13:1.3.5:compile for Scala 2.13.3
[debug] [zinc] Running cached compiler 1f5678d2 for Scala compiler version 2.13.3
[debug] [zinc] The Scala compiler is invoked with:
[debug]         -bootclasspath
[debug]         /home/joao/.coursier/cache/v1/https/repo1.maven.org/maven2/org/scala-lang/scala-library/2.13.3/scala-library-2.13.3.jar
[debug]         -classpath
[debug]         /home/joao/git/play-seed/core/target/scala-2.13/classes
[debug] Scala compilation took 0.486495207 s
[debug] Done compiling.
[debug] No changes
[debug] Copy resource mappings: 
[debug]         (/home/joao/git/play-seed/conf/logback.xml,/home/joao/git/25338-play-seed/target/scala-2.13/classes/logback.xml)
[debug]         (/home/joao/git/play-seed/conf/application.conf,/home/joao/git/25338-play-seed/target/scala-2.13/classes/application.conf)
[debug]         (/home/joao/git/play-seed/conf/messages,/home/joao/git/25338-play-seed/target/scala-2.13/classes/messages)
[debug]         (/home/joao/git/25338-play-seed/conf/routes,/home/joao/git/25338-play-seed/target/scala-2.13/classes/routes)
[debug] Other repositories:
[debug] Default repositories:
[debug] Using inline dependencies specified in Scala.
[debug] Copy resource mappings: 
[debug] 
[debug] No changes
[debug] No changes
WARNING: An illegal reflective access operation has occurred
WARNING: Illegal reflective access by com.google.inject.internal.cglib.core.$ReflectUtils$1 (file:/home/joao/.coursier/cache/v1/https/repo1.maven.org/maven2/com/google/inject/guice/4.2.3/guice-4.2.3.jar) to method java.lang.ClassLoader.defineClass(java.lang.String,byte[],int,int,java.security.ProtectionDomain)
WARNING: Please consider reporting this to the maintainers of com.google.inject.internal.cglib.core.$ReflectUtils$1
WARNING: Use --illegal-access=warn to enable warnings of further illegal reflective access operations
WARNING: All illegal access operations will be denied in a future release
2020-07-03 17:17:46 INFO  play.api.http.EnabledFilters  Enabled Filters (see <https://www.playframework.com/documentation/latest/Filters>):

    play.filters.csrf.CSRFFilter
    play.filters.headers.SecurityHeadersFilter
    play.filters.hosts.AllowedHostsFilter

2020-07-03 17:17:46 INFO  play.api.Play  Application started (Dev) (no global state)
